2026-01-30 00:28:50 INFO  org.hibernate.validator.internal.util.Version - HV000001: Hibernate Validator 8.0.3.Final
2026-01-30 00:28:50 INFO  com.example.payment_transaction_api.PaymentTransactionApiApplication - Starting PaymentTransactionApiApplication using Java 21.0.9 with PID 10028 (C:\Users\Kartik\Downloads\payment-transaction-api\payment-transaction-api\target\classes started by Kartik in C:\Users\Kartik\Downloads\payment-transaction-api\payment-transaction-api)
2026-01-30 00:28:50 INFO  com.example.payment_transaction_api.PaymentTransactionApiApplication - No active profile set, falling back to 1 default profile: "default"
2026-01-30 00:28:51 INFO  org.springframework.boot.web.embedded.tomcat.TomcatWebServer - Tomcat initialized with port 8080 (http)
2026-01-30 00:28:51 INFO  org.apache.coyote.http11.Http11NioProtocol - Initializing ProtocolHandler ["http-nio-8080"]
2026-01-30 00:28:51 INFO  org.apache.catalina.core.StandardService - Starting service [Tomcat]
2026-01-30 00:28:51 INFO  org.apache.catalina.core.StandardEngine - Starting Servlet engine: [Apache Tomcat/10.1.50]
2026-01-30 00:28:51 INFO  org.apache.catalina.core.ContainerBase.[Tomcat].[localhost].[/] - Initializing Spring embedded WebApplicationContext
2026-01-30 00:28:51 INFO  org.springframework.boot.web.servlet.context.ServletWebServerApplicationContext - Root WebApplicationContext: initialization completed in 1198 ms
2026-01-30 00:28:52 INFO  org.apache.coyote.http11.Http11NioProtocol - Starting ProtocolHandler ["http-nio-8080"]
2026-01-30 00:28:52 WARN  org.springframework.boot.web.servlet.context.AnnotationConfigServletWebServerApplicationContext - Exception encountered during context initialization - cancelling refresh attempt: org.springframework.context.ApplicationContextException: Failed to start bean 'webServerStartStop'
2026-01-30 00:28:52 INFO  org.springframework.boot.autoconfigure.logging.ConditionEvaluationReportLogger - 

Error starting ApplicationContext. To display the condition evaluation report re-run your application with 'debug' enabled.
2026-01-30 00:28:52 ERROR org.springframework.boot.diagnostics.LoggingFailureAnalysisReporter - 

***************************
APPLICATION FAILED TO START
***************************

Description:

Web server failed to start. Port 8080 was already in use.

Action:

Identify and stop the process that's listening on port 8080 or configure this application to listen on another port.

2026-01-30 00:29:27 INFO  org.hibernate.validator.internal.util.Version - HV000001: Hibernate Validator 8.0.3.Final
2026-01-30 00:29:27 INFO  com.example.payment_transaction_api.PaymentTransactionApiApplication - Starting PaymentTransactionApiApplication using Java 21.0.9 with PID 7968 (C:\Users\Kartik\Downloads\payment-transaction-api\payment-transaction-api\target\classes started by Kartik in C:\Users\Kartik\Downloads\payment-transaction-api\payment-transaction-api)
2026-01-30 00:29:27 INFO  com.example.payment_transaction_api.PaymentTransactionApiApplication - No active profile set, falling back to 1 default profile: "default"
2026-01-30 00:29:28 INFO  org.springframework.boot.web.embedded.tomcat.TomcatWebServer - Tomcat initialized with port 8080 (http)
2026-01-30 00:29:28 INFO  org.apache.coyote.http11.Http11NioProtocol - Initializing ProtocolHandler ["http-nio-8080"]
2026-01-30 00:29:28 INFO  org.apache.catalina.core.StandardService - Starting service [Tomcat]
2026-01-30 00:29:28 INFO  org.apache.catalina.core.StandardEngine - Starting Servlet engine: [Apache Tomcat/10.1.50]
2026-01-30 00:29:28 INFO  org.apache.catalina.core.ContainerBase.[Tomcat].[localhost].[/] - Initializing Spring embedded WebApplicationContext
2026-01-30 00:29:28 INFO  org.springframework.boot.web.servlet.context.ServletWebServerApplicationContext - Root WebApplicationContext: initialization completed in 1187 ms
2026-01-30 00:29:29 INFO  org.apache.coyote.http11.Http11NioProtocol - Starting ProtocolHandler ["http-nio-8080"]
2026-01-30 00:29:29 WARN  org.springframework.boot.web.servlet.context.AnnotationConfigServletWebServerApplicationContext - Exception encountered during context initialization - cancelling refresh attempt: org.springframework.context.ApplicationContextException: Failed to start bean 'webServerStartStop'
2026-01-30 00:29:29 INFO  org.springframework.boot.autoconfigure.logging.ConditionEvaluationReportLogger - 

Error starting ApplicationContext. To display the condition evaluation report re-run your application with 'debug' enabled.
2026-01-30 00:29:29 ERROR org.springframework.boot.diagnostics.LoggingFailureAnalysisReporter - 

***************************
APPLICATION FAILED TO START
***************************

Description:

Web server failed to start. Port 8080 was already in use.

Action:

Identify and stop the process that's listening on port 8080 or configure this application to listen on another port.

2026-01-30 00:32:17 INFO  org.hibernate.validator.internal.util.Version - HV000001: Hibernate Validator 8.0.3.Final
2026-01-30 00:32:17 INFO  com.example.payment_transaction_api.PaymentTransactionApiApplication - Starting PaymentTransactionApiApplication using Java 21.0.9 with PID 20764 (C:\Users\Kartik\Downloads\payment-transaction-api\payment-transaction-api\target\classes started by Kartik in C:\Users\Kartik\Downloads\payment-transaction-api\payment-transaction-api)
2026-01-30 00:32:17 INFO  com.example.payment_transaction_api.PaymentTransactionApiApplication - No active profile set, falling back to 1 default profile: "default"
2026-01-30 00:32:21 INFO  org.springframework.boot.web.embedded.tomcat.TomcatWebServer - Tomcat initialized with port 8080 (http)
2026-01-30 00:32:21 INFO  org.apache.coyote.http11.Http11NioProtocol - Initializing ProtocolHandler ["http-nio-8080"]
2026-01-30 00:32:21 INFO  org.apache.catalina.core.StandardService - Starting service [Tomcat]
2026-01-30 00:32:21 INFO  org.apache.catalina.core.StandardEngine - Starting Servlet engine: [Apache Tomcat/10.1.50]
2026-01-30 00:32:21 INFO  org.apache.catalina.core.ContainerBase.[Tomcat].[localhost].[/] - Initializing Spring embedded WebApplicationContext
2026-01-30 00:32:21 INFO  org.springframework.boot.web.servlet.context.ServletWebServerApplicationContext - Root WebApplicationContext: initialization completed in 3852 ms
2026-01-30 00:32:22 INFO  org.apache.coyote.http11.Http11NioProtocol - Starting ProtocolHandler ["http-nio-8080"]
2026-01-30 00:32:22 WARN  org.springframework.boot.web.servlet.context.AnnotationConfigServletWebServerApplicationContext - Exception encountered during context initialization - cancelling refresh attempt: org.springframework.context.ApplicationContextException: Failed to start bean 'webServerStartStop'
2026-01-30 00:32:22 INFO  org.springframework.boot.autoconfigure.logging.ConditionEvaluationReportLogger - 

Error starting ApplicationContext. To display the condition evaluation report re-run your application with 'debug' enabled.
2026-01-30 00:32:23 ERROR org.springframework.boot.diagnostics.LoggingFailureAnalysisReporter - 

***************************
APPLICATION FAILED TO START
***************************

Description:

Web server failed to start. Port 8080 was already in use.

Action:

Identify and stop the process that's listening on port 8080 or configure this application to listen on another port.

2026-01-30 00:33:45 INFO  org.hibernate.validator.internal.util.Version - HV000001: Hibernate Validator 8.0.3.Final
2026-01-30 00:33:45 INFO  org.springframework.boot.SpringApplication - Starting SpringApplication v3.5.10 using Java 21.0.9 with PID 6148 (C:\Users\Kartik\.m2\repository\org\springframework\boot\spring-boot\3.5.10\spring-boot-3.5.10.jar started by Kartik in C:\Users\Kartik\Downloads\payment-transaction-api\payment-transaction-api)
2026-01-30 00:33:45 INFO  org.springframework.boot.SpringApplication - No active profile set, falling back to 1 default profile: "default"
2026-01-30 00:33:45 ERROR org.springframework.boot.SpringApplication - Application run failed
java.lang.IllegalStateException: No sources defined
	at org.springframework.util.Assert.state(Assert.java:79)
	at org.springframework.boot.SpringApplication.prepareContext(SpringApplication.java:413)
	at org.springframework.boot.SpringApplication.run(SpringApplication.java:317)
	at org.springframework.boot.SpringApplication.run(SpringApplication.java:1361)
	at org.springframework.boot.SpringApplication.main(SpringApplication.java:1377)
2026-01-30 00:36:50 INFO  org.hibernate.validator.internal.util.Version - HV000001: Hibernate Validator 8.0.3.Final
2026-01-30 00:36:50 INFO  com.example.payment_transaction_api.PaymentTransactionApiApplication - Starting PaymentTransactionApiApplication using Java 21.0.9 with PID 21444 (C:\Users\Kartik\Downloads\payment-transaction-api\payment-transaction-api\target\classes started by Kartik in C:\Users\Kartik\Downloads\payment-transaction-api\payment-transaction-api)
2026-01-30 00:36:50 INFO  com.example.payment_transaction_api.PaymentTransactionApiApplication - No active profile set, falling back to 1 default profile: "default"
2026-01-30 00:36:52 INFO  org.springframework.boot.web.embedded.tomcat.TomcatWebServer - Tomcat initialized with port 8080 (http)
2026-01-30 00:36:52 INFO  org.apache.coyote.http11.Http11NioProtocol - Initializing ProtocolHandler ["http-nio-8080"]
2026-01-30 00:36:52 INFO  org.apache.catalina.core.StandardService - Starting service [Tomcat]
2026-01-30 00:36:52 INFO  org.apache.catalina.core.StandardEngine - Starting Servlet engine: [Apache Tomcat/10.1.50]
2026-01-30 00:36:52 INFO  org.apache.catalina.core.ContainerBase.[Tomcat].[localhost].[/] - Initializing Spring embedded WebApplicationContext
2026-01-30 00:36:52 INFO  org.springframework.boot.web.servlet.context.ServletWebServerApplicationContext - Root WebApplicationContext: initialization completed in 1160 ms
2026-01-30 00:36:52 INFO  org.apache.coyote.http11.Http11NioProtocol - Starting ProtocolHandler ["http-nio-8080"]
2026-01-30 00:36:52 WARN  org.springframework.boot.web.servlet.context.AnnotationConfigServletWebServerApplicationContext - Exception encountered during context initialization - cancelling refresh attempt: org.springframework.context.ApplicationContextException: Failed to start bean 'webServerStartStop'
2026-01-30 00:36:52 INFO  org.springframework.boot.autoconfigure.logging.ConditionEvaluationReportLogger - 

Error starting ApplicationContext. To display the condition evaluation report re-run your application with 'debug' enabled.
2026-01-30 00:36:52 ERROR org.springframework.boot.diagnostics.LoggingFailureAnalysisReporter - 

***************************
APPLICATION FAILED TO START
***************************

Description:

Web server failed to start. Port 8080 was already in use.

Action:

Identify and stop the process that's listening on port 8080 or configure this application to listen on another port.

